0 info it worked if it ends with ok
1 verbose cli [ '/usr/local/Cellar/node/4.4.4/bin/node',
1 verbose cli   '/usr/local/bin/npm',
1 verbose cli   'info',
1 verbose cli   'reinstate' ]
2 info using npm@2.15.1
3 info using node@v4.4.4
4 silly mapToRegistry name reinstate
5 silly mapToRegistry using default registry
6 silly mapToRegistry registry https://registry.npmjs.org/
7 silly mapToRegistry data Result {
7 silly mapToRegistry   raw: 'reinstate',
7 silly mapToRegistry   scope: null,
7 silly mapToRegistry   name: 'reinstate',
7 silly mapToRegistry   rawSpec: '',
7 silly mapToRegistry   spec: 'latest',
7 silly mapToRegistry   type: 'tag' }
8 silly mapToRegistry uri https://registry.npmjs.org/reinstate
9 verbose request uri https://registry.npmjs.org/reinstate
10 verbose request no auth needed
11 info attempt registry request try #1 at 23:22:36
12 verbose request using bearer token for auth
13 verbose request id f517a5f927d6c45d
14 http request GET https://registry.npmjs.org/reinstate
15 http 404 https://registry.npmjs.org/reinstate
16 verbose headers { server: 'CouchDB/1.5.0 (Erlang OTP/R16B03)',
16 verbose headers   etag: '"2MM75OE5YHC0LW6W6XE0C68U3"',
16 verbose headers   'content-type': 'application/json',
16 verbose headers   'cache-control': 'max-age=0',
16 verbose headers   'content-length': '457',
16 verbose headers   'accept-ranges': 'bytes',
16 verbose headers   date: 'Thu, 19 May 2016 04:22:36 GMT',
16 verbose headers   via: '1.1 varnish',
16 verbose headers   connection: 'keep-alive',
16 verbose headers   'x-served-by': 'cache-ord1728-ORD',
16 verbose headers   'x-cache': 'MISS',
16 verbose headers   'x-cache-hits': '0',
16 verbose headers   'x-timer': 'S1463631756.649685,VS0,VE90',
16 verbose headers   vary: 'Accept-Encoding' }
17 silly get cb [ 404,
17 silly get   { server: 'CouchDB/1.5.0 (Erlang OTP/R16B03)',
17 silly get     etag: '"2MM75OE5YHC0LW6W6XE0C68U3"',
17 silly get     'content-type': 'application/json',
17 silly get     'cache-control': 'max-age=0',
17 silly get     'content-length': '457',
17 silly get     'accept-ranges': 'bytes',
17 silly get     date: 'Thu, 19 May 2016 04:22:36 GMT',
17 silly get     via: '1.1 varnish',
17 silly get     connection: 'keep-alive',
17 silly get     'x-served-by': 'cache-ord1728-ORD',
17 silly get     'x-cache': 'MISS',
17 silly get     'x-cache-hits': '0',
17 silly get     'x-timer': 'S1463631756.649685,VS0,VE90',
17 silly get     vary: 'Accept-Encoding' } ]
18 verbose stack Error: Registry returned 404 for GET on https://registry.npmjs.org/reinstate
18 verbose stack     at makeError (/usr/local/Cellar/node/4.4.4/lib/node_modules/npm/node_modules/npm-registry-client/lib/request.js:264:12)
18 verbose stack     at CachingRegistryClient.<anonymous> (/usr/local/Cellar/node/4.4.4/lib/node_modules/npm/node_modules/npm-registry-client/lib/request.js:242:14)
18 verbose stack     at Request._callback (/usr/local/Cellar/node/4.4.4/lib/node_modules/npm/node_modules/npm-registry-client/lib/request.js:172:14)
18 verbose stack     at Request.self.callback (/usr/local/Cellar/node/4.4.4/lib/node_modules/npm/node_modules/request/request.js:199:22)
18 verbose stack     at emitTwo (events.js:87:13)
18 verbose stack     at Request.emit (events.js:172:7)
18 verbose stack     at Request.<anonymous> (/usr/local/Cellar/node/4.4.4/lib/node_modules/npm/node_modules/request/request.js:1036:10)
18 verbose stack     at emitOne (events.js:82:20)
18 verbose stack     at Request.emit (events.js:169:7)
18 verbose stack     at IncomingMessage.<anonymous> (/usr/local/Cellar/node/4.4.4/lib/node_modules/npm/node_modules/request/request.js:963:12)
19 verbose statusCode 404
20 verbose pkgid reinstate
21 verbose cwd /Users/alan/git/ecma/consensus/misnomer
22 error Darwin 15.4.0
23 error argv "/usr/local/Cellar/node/4.4.4/bin/node" "/usr/local/bin/npm" "info" "reinstate"
24 error node v4.4.4
25 error npm  v2.15.1
26 error code E404
27 error 404 Registry returned 404 for GET on https://registry.npmjs.org/reinstate
27 error 404
27 error 404 'reinstate' is not in the npm registry.
27 error 404 You should bug the author to publish it (or use the name yourself!)
27 error 404
27 error 404 Note that you can also install from a
27 error 404 tarball, folder, http url, or git url.
28 verbose exit [ 1, true ]
